<?xml version="1.0" encoding="UTF-8"?>
<testsuites>
  <testsuite name="unit" tests="26" assertions="50" errors="0" failures="0" skipped="0" useless="0" time="0.036835">
    <testcase name="testSomeFeature" class="Codeception_Basic\Tests\unit\SourceClassTest" file="/Users/tfidry/Project/Humbug/testFrameworks/Codeception/tests/unit/SourceClassTest.php" time="0.004878" assertions="1"/>
    <testcase name="testSubtraction" class="App\Tests\unit\Inner\InnerSourceClassTest" file="/Users/tfidry/Project/Humbug/testFrameworks/Codeception/tests/unit/Inner/InnerSourceClassTest.php" time="0.002914" assertions="1"/>
    <testcase name="testFormatFullName" class="Codeception_Basic\Tests\unit\Covered\FormatNameFunctionTest" file="/Users/tfidry/Project/Humbug/testFrameworks/Codeception/tests/unit/Covered/FormatNameFunctionTest.php" time="0.002900" assertions="1"/>
    <testcase name="testGetNonExistentUser" class="Codeception_Basic\Tests\unit\Covered\UserServiceTest" file="/Users/tfidry/Project/Humbug/testFrameworks/Codeception/tests/unit/Covered/UserServiceTest.php" time="0.002355" assertions="1"/>
    <testcase name="testDivision" class="Codeception_Basic\Tests\unit\Covered\CalculatorTest" file="/Users/tfidry/Project/Humbug/testFrameworks/Codeception/tests/unit/Covered/CalculatorTest.php" time="0.002124" assertions="3"/>
    <testcase name="test_it_can_add_small_numbers" class="Codeception_Basic\Tests\unit\SourceClassTest" file="/Users/tfidry/Project/Humbug/testFrameworks/Codeception/tests/unit/SourceClassTest.php" time="0.001333" assertions="1"/>
    <testcase name="testGetUser" class="Codeception_Basic\Tests\unit\Covered\UserServiceTest" file="/Users/tfidry/Project/Humbug/testFrameworks/Codeception/tests/unit/Covered/UserServiceTest.php" time="0.000945" assertions="3"/>
    <testcase name="testGetLogs" class="Codeception_Basic\Tests\unit\Covered\UserServiceTest" file="/Users/tfidry/Project/Humbug/testFrameworks/Codeception/tests/unit/Covered/UserServiceTest.php" time="0.000806" assertions="2"/>
    <testcase name="testAddDuplicateUser" class="Codeception_Basic\Tests\unit\Covered\UserServiceTest" file="/Users/tfidry/Project/Humbug/testFrameworks/Codeception/tests/unit/Covered/UserServiceTest.php" time="0.000807" assertions="2"/>
    <testcase name="testFormatWithSpaces" class="Codeception_Basic\Tests\unit\Covered\FormatNameFunctionTest" file="/Users/tfidry/Project/Humbug/testFrameworks/Codeception/tests/unit/Covered/FormatNameFunctionTest.php" time="0.000951" assertions="1"/>
    <testcase name="testUserExists" class="Codeception_Basic\Tests\unit\Covered\UserServiceTest" file="/Users/tfidry/Project/Humbug/testFrameworks/Codeception/tests/unit/Covered/UserServiceTest.php" time="0.000833" assertions="2"/>
    <testcase name="testSubtraction" class="Codeception_Basic\Tests\unit\Covered\CalculatorTest" file="/Users/tfidry/Project/Humbug/testFrameworks/Codeception/tests/unit/Covered/CalculatorTest.php" time="0.000714" assertions="3"/>
    <testcase name="testAddUserWithEmptyEmail" class="Codeception_Basic\Tests\unit\Covered\UserServiceTest" file="/Users/tfidry/Project/Humbug/testFrameworks/Codeception/tests/unit/Covered/UserServiceTest.php" time="0.000733" assertions="2"/>
    <testcase name="testAddition" class="Codeception_Basic\Tests\unit\Covered\CalculatorTest" file="/Users/tfidry/Project/Humbug/testFrameworks/Codeception/tests/unit/Covered/CalculatorTest.php" time="0.000691" assertions="3"/>
    <testcase name="testAddUserWithEmptyName" class="Codeception_Basic\Tests\unit\Covered\UserServiceTest" file="/Users/tfidry/Project/Humbug/testFrameworks/Codeception/tests/unit/Covered/UserServiceTest.php" time="0.000700" assertions="2"/>
    <testcase name="testClearLogs" class="Codeception_Basic\Tests\unit\Covered\UserServiceTest" file="/Users/tfidry/Project/Humbug/testFrameworks/Codeception/tests/unit/Covered/UserServiceTest.php" time="0.000705" assertions="1"/>
    <testcase name="testFormatFirstNameOnly" class="Codeception_Basic\Tests\unit\Covered\FormatNameFunctionTest" file="/Users/tfidry/Project/Humbug/testFrameworks/Codeception/tests/unit/Covered/FormatNameFunctionTest.php" time="0.000681" assertions="1"/>
    <testcase name="testAddUser" class="Codeception_Basic\Tests\unit\Covered\UserServiceTest" file="/Users/tfidry/Project/Humbug/testFrameworks/Codeception/tests/unit/Covered/UserServiceTest.php" time="0.001361" assertions="3"/>
    <testcase name="testFormatLastNameOnly" class="Codeception_Basic\Tests\unit\Covered\FormatNameFunctionTest" file="/Users/tfidry/Project/Humbug/testFrameworks/Codeception/tests/unit/Covered/FormatNameFunctionTest.php" time="0.001877" assertions="1"/>
    <testcase name="testMultiplication" class="Codeception_Basic\Tests\unit\Covered\CalculatorTest" file="/Users/tfidry/Project/Humbug/testFrameworks/Codeception/tests/unit/Covered/CalculatorTest.php" time="0.002048" assertions="4"/>
    <testcase name="testAbsolute" class="Codeception_Basic\Tests\unit\Covered\CalculatorTest" file="/Users/tfidry/Project/Humbug/testFrameworks/Codeception/tests/unit/Covered/CalculatorTest.php" time="0.002001" assertions="3"/>
    <testcase name="testRemoveUser" class="Codeception_Basic\Tests\unit\Covered\UserServiceTest" file="/Users/tfidry/Project/Humbug/testFrameworks/Codeception/tests/unit/Covered/UserServiceTest.php" time="0.001254" assertions="2"/>
    <testcase name="testIsPositive" class="Codeception_Basic\Tests\unit\Covered\CalculatorTest" file="/Users/tfidry/Project/Humbug/testFrameworks/Codeception/tests/unit/Covered/CalculatorTest.php" time="0.000749" assertions="3"/>
    <testcase name="testDivisionByZero" class="Codeception_Basic\Tests\unit\Covered\CalculatorTest" file="/Users/tfidry/Project/Humbug/testFrameworks/Codeception/tests/unit/Covered/CalculatorTest.php" time="0.001047" assertions="2"/>
    <testcase name="testFormatEmptyNames" class="Codeception_Basic\Tests\unit\Covered\FormatNameFunctionTest" file="/Users/tfidry/Project/Humbug/testFrameworks/Codeception/tests/unit/Covered/FormatNameFunctionTest.php" time="0.000722" assertions="1"/>
    <testcase name="testRemoveNonExistentUser" class="Codeception_Basic\Tests\unit\Covered\UserServiceTest" file="/Users/tfidry/Project/Humbug/testFrameworks/Codeception/tests/unit/Covered/UserServiceTest.php" time="0.000706" assertions="1"/>
  </testsuite>
</testsuites>
